<?xml version='1.0' encoding='utf-8'?>
<coverage line-rate="0.3282" branch-rate="0.0000" complexity="0" branches-covered="0" branches-valid="0" timestamp="1780322743" lines-covered="234" lines-valid="713" version="0">
  <sources><source>C:\_agent\jenkins_ws\HorizonPlugin\HorizonInteractDemo\Build\PackagedBuild</source></sources><packages><package name="C:\_agent\jenkins_ws\HorizonPlugin\HorizonInteractDemo\Build\PackagedBuild\Intermediate\BuildArtifacts\BuildPackage\Win64\main\5.7.0.140\Development\Standalone\HorizonInteractDemo\Binaries\Win64\HorizonInteractDemo.exe" line-rate="0.3282" branch-rate="0.0000" complexity="0" lines-covered="234" lines-valid="713" branches-covered="0" branches-valid="0">
      <classes><class name="HorizonInteractObjectComponent.cpp" filename="PackagedBuild/Plugins/HorizonInteract/Source/HorizonInteract/Private/Component/HorizonInteractObjectComponent.cpp" line-rate="0.3397" branch-rate="0.0000" complexity="0" lines-covered="53" lines-valid="156" branches-covered="0" branches-valid="0">
          <methods />
          <lines>
            <line number="17" hits="1" />
            <line number="20" hits="1" />
            <line number="23" hits="1" />
            <line number="28" hits="1" />
            <line number="29" hits="1" />
            <line number="30" hits="1" />
            <line number="31" hits="1" />
            <line number="32" hits="1" />
            <line number="33" hits="1" />
            <line number="36" hits="1" />
            <line number="37" hits="1" />
            <line number="38" hits="1" />
            <line number="41" hits="1" />
            <line number="44" hits="0" />
            <line number="45" hits="0" />
            <line number="47" hits="0" />
            <line number="50" hits="0" />
            <line number="51" hits="0" />
            <line number="52" hits="0" />
            <line number="53" hits="0" />
            <line number="59" hits="0" />
            <line number="61" hits="0" />
            <line number="63" hits="0" />
            <line number="69" hits="1" />
            <line number="71" hits="0" />
            <line number="74" hits="1" />
            <line number="75" hits="1" />
            <line number="76" hits="1" />
            <line number="77" hits="1" />
            <line number="79" hits="1" />
            <line number="80" hits="1" />
            <line number="81" hits="1" />
            <line number="83" hits="1" />
            <line number="84" hits="1" />
            <line number="87" hits="1" />
            <line number="88" hits="1" />
            <line number="90" hits="1" />
            <line number="91" hits="1" />
            <line number="92" hits="1" />
            <line number="94" hits="1" />
            <line number="97" hits="0" />
            <line number="98" hits="0" />
            <line number="101" hits="0" />
            <line number="105" hits="0" />
            <line number="107" hits="0" />
            <line number="108" hits="0" />
            <line number="109" hits="0" />
            <line number="110" hits="0" />
            <line number="113" hits="0" />
            <line number="119" hits="0" />
            <line number="128" hits="0" />
            <line number="134" hits="0" />
            <line number="135" hits="0" />
            <line number="138" hits="0" />
            <line number="142" hits="0" />
            <line number="144" hits="0" />
            <line number="146" hits="0" />
            <line number="149" hits="0" />
            <line number="150" hits="0" />
            <line number="152" hits="0" />
            <line number="157" hits="0" />
            <line number="160" hits="0" />
            <line number="161" hits="0" />
            <line number="164" hits="0" />
            <line number="166" hits="0" />
            <line number="167" hits="0" />
            <line number="168" hits="0" />
            <line number="170" hits="0" />
            <line number="173" hits="0" />
            <line number="174" hits="0" />
            <line number="177" hits="0" />
            <line number="179" hits="0" />
            <line number="180" hits="0" />
            <line number="185" hits="0" />
            <line number="186" hits="0" />
            <line number="188" hits="0" />
            <line number="189" hits="0" />
            <line number="191" hits="0" />
            <line number="194" hits="0" />
            <line number="195" hits="0" />
            <line number="196" hits="0" />
            <line number="198" hits="0" />
            <line number="202" hits="0" />
            <line number="203" hits="0" />
            <line number="204" hits="0" />
            <line number="207" hits="0" />
            <line number="208" hits="0" />
            <line number="211" hits="0" />
            <line number="213" hits="0" />
            <line number="217" hits="0" />
            <line number="218" hits="0" />
            <line number="219" hits="0" />
            <line number="221" hits="0" />
            <line number="224" hits="0" />
            <line number="225" hits="0" />
            <line number="226" hits="0" />
            <line number="229" hits="0" />
            <line number="232" hits="0" />
            <line number="233" hits="0" />
            <line number="234" hits="0" />
            <line number="236" hits="0" />
            <line number="237" hits="0" />
            <line number="241" hits="0" />
            <line number="242" hits="0" />
            <line number="243" hits="0" />
            <line number="245" hits="0" />
            <line number="247" hits="0" />
            <line number="248" hits="0" />
            <line number="249" hits="0" />
            <line number="251" hits="0" />
            <line number="254" hits="1" />
            <line number="255" hits="1" />
            <line number="256" hits="1" />
            <line number="259" hits="1" />
            <line number="260" hits="1" />
            <line number="264" hits="0" />
            <line number="265" hits="0" />
            <line number="273" hits="1" />
            <line number="276" hits="1" />
            <line number="279" hits="1" />
            <line number="280" hits="1" />
            <line number="282" hits="1" />
            <line number="288" hits="1" />
            <line number="289" hits="1" />
            <line number="290" hits="1" />
            <line number="293" hits="1" />
            <line number="296" hits="1" />
            <line number="298" hits="1" />
            <line number="299" hits="1" />
            <line number="301" hits="1" />
            <line number="304" hits="1" />
            <line number="307" hits="0" />
            <line number="308" hits="0" />
            <line number="309" hits="0" />
            <line number="314" hits="0" />
            <line number="315" hits="0" />
            <line number="316" hits="0" />
            <line number="319" hits="0" />
            <line number="321" hits="0" />
            <line number="323" hits="0" />
            <line number="325" hits="0" />
            <line number="326" hits="0" />
            <line number="331" hits="1" />
            <line number="333" hits="1" />
            <line number="340" hits="1" />
            <line number="342" hits="1" />
            <line number="346" hits="0" />
            <line number="347" hits="0" />
            <line number="349" hits="0" />
            <line number="354" hits="1" />
            <line number="358" hits="0" />
            <line number="359" hits="0" />
            <line number="362" hits="0" />
            <line number="363" hits="0" />
            <line number="365" hits="0" />
            <line number="370" hits="0" />
          </lines>
        </class>
        <class name="HorizonInteractorComponent.cpp" filename="PackagedBuild/Plugins/HorizonInteract/Source/HorizonInteract/Private/Component/HorizonInteractorComponent.cpp" line-rate="0.2280" branch-rate="0.0000" complexity="0" lines-covered="44" lines-valid="193" branches-covered="0" branches-valid="0">
          <methods />
          <lines>
            <line number="19" hits="1" />
            <line number="22" hits="1" />
            <line number="23" hits="1" />
            <line number="24" hits="1" />
            <line number="30" hits="1" />
            <line number="31" hits="1" />
            <line number="40" hits="1" />
            <line number="41" hits="1" />
            <line number="42" hits="1" />
            <line number="46" hits="1" />
            <line number="48" hits="1" />
            <line number="50" hits="1" />
            <line number="51" hits="1" />
            <line number="53" hits="0" />
            <line number="54" hits="0" />
            <line number="55" hits="0" />
            <line number="57" hits="0" />
            <line number="59" hits="0" />
            <line number="61" hits="0" />
            <line number="64" hits="0" />
            <line number="65" hits="0" />
            <line number="66" hits="0" />
            <line number="71" hits="1" />
            <line number="74" hits="0" />
            <line number="75" hits="0" />
            <line number="77" hits="0" />
            <line number="78" hits="0" />
            <line number="80" hits="0" />
            <line number="84" hits="0" />
            <line number="85" hits="0" />
            <line number="86" hits="0" />
            <line number="91" hits="0" />
            <line number="93" hits="0" />
            <line number="95" hits="0" />
            <line number="96" hits="0" />
            <line number="99" hits="0" />
            <line number="102" hits="0" />
            <line number="103" hits="0" />
            <line number="107" hits="0" />
            <line number="108" hits="0" />
            <line number="109" hits="0" />
            <line number="112" hits="0" />
            <line number="113" hits="0" />
            <line number="115" hits="0" />
            <line number="116" hits="0" />
            <line number="118" hits="0" />
            <line number="122" hits="0" />
            <line number="123" hits="0" />
            <line number="124" hits="0" />
            <line number="129" hits="0" />
            <line number="132" hits="0" />
            <line number="134" hits="0" />
            <line number="136" hits="0" />
            <line number="140" hits="0" />
            <line number="145" hits="0" />
            <line number="146" hits="0" />
            <line number="150" hits="0" />
            <line number="151" hits="0" />
            <line number="152" hits="0" />
            <line number="155" hits="0" />
            <line number="156" hits="0" />
            <line number="158" hits="0" />
            <line number="159" hits="0" />
            <line number="161" hits="0" />
            <line number="165" hits="0" />
            <line number="167" hits="0" />
            <line number="168" hits="0" />
            <line number="174" hits="0" />
            <line number="176" hits="0" />
            <line number="178" hits="0" />
            <line number="183" hits="0" />
            <line number="185" hits="0" />
            <line number="186" hits="0" />
            <line number="190" hits="0" />
            <line number="191" hits="0" />
            <line number="192" hits="0" />
            <line number="195" hits="0" />
            <line number="196" hits="0" />
            <line number="198" hits="0" />
            <line number="199" hits="0" />
            <line number="201" hits="0" />
            <line number="205" hits="0" />
            <line number="207" hits="0" />
            <line number="208" hits="0" />
            <line number="215" hits="0" />
            <line number="216" hits="0" />
            <line number="219" hits="0" />
            <line number="220" hits="0" />
            <line number="222" hits="0" />
            <line number="225" hits="0" />
            <line number="227" hits="0" />
            <line number="229" hits="0" />
            <line number="230" hits="0" />
            <line number="235" hits="0" />
            <line number="236" hits="0" />
            <line number="240" hits="0" />
            <line number="244" hits="0" />
            <line number="245" hits="0" />
            <line number="249" hits="0" />
            <line number="250" hits="0" />
            <line number="251" hits="0" />
            <line number="255" hits="0" />
            <line number="256" hits="0" />
            <line number="257" hits="0" />
            <line number="258" hits="0" />
            <line number="259" hits="0" />
            <line number="260" hits="0" />
            <line number="263" hits="0" />
            <line number="264" hits="0" />
            <line number="265" hits="0" />
            <line number="267" hits="0" />
            <line number="268" hits="0" />
            <line number="273" hits="0" />
            <line number="274" hits="0" />
            <line number="277" hits="1" />
            <line number="279" hits="1" />
            <line number="281" hits="1" />
            <line number="284" hits="1" />
            <line number="285" hits="1" />
            <line number="287" hits="1" />
            <line number="288" hits="1" />
            <line number="289" hits="1" />
            <line number="292" hits="1" />
            <line number="300" hits="1" />
            <line number="301" hits="1" />
            <line number="302" hits="1" />
            <line number="304" hits="1" />
            <line number="306" hits="1" />
            <line number="308" hits="1" />
            <line number="313" hits="1" />
            <line number="314" hits="1" />
            <line number="316" hits="1" />
            <line number="320" hits="1" />
            <line number="323" hits="0" />
            <line number="324" hits="0" />
            <line number="325" hits="0" />
            <line number="327" hits="0" />
            <line number="329" hits="0" />
            <line number="331" hits="0" />
            <line number="332" hits="0" />
            <line number="335" hits="0" />
            <line number="336" hits="0" />
            <line number="338" hits="0" />
            <line number="339" hits="0" />
            <line number="340" hits="0" />
            <line number="342" hits="0" />
            <line number="345" hits="0" />
            <line number="346" hits="0" />
            <line number="347" hits="0" />
            <line number="349" hits="0" />
            <line number="351" hits="0" />
            <line number="352" hits="0" />
            <line number="354" hits="0" />
            <line number="358" hits="0" />
            <line number="361" hits="0" />
            <line number="362" hits="0" />
            <line number="366" hits="1" />
            <line number="367" hits="1" />
            <line number="369" hits="1" />
            <line number="371" hits="1" />
            <line number="374" hits="1" />
            <line number="377" hits="1" />
            <line number="378" hits="1" />
            <line number="383" hits="0" />
            <line number="384" hits="0" />
            <line number="388" hits="0" />
            <line number="389" hits="0" />
            <line number="390" hits="0" />
            <line number="393" hits="0" />
            <line number="394" hits="0" />
            <line number="395" hits="0" />
            <line number="396" hits="0" />
            <line number="399" hits="0" />
            <line number="400" hits="0" />
            <line number="401" hits="0" />
            <line number="402" hits="0" />
            <line number="403" hits="0" />
            <line number="404" hits="0" />
            <line number="405" hits="0" />
            <line number="408" hits="0" />
            <line number="409" hits="0" />
            <line number="410" hits="0" />
            <line number="412" hits="0" />
            <line number="414" hits="0" />
            <line number="415" hits="0" />
            <line number="416" hits="0" />
            <line number="417" hits="0" />
            <line number="420" hits="1" />
            <line number="421" hits="1" />
            <line number="423" hits="0" />
            <line number="425" hits="0" />
            <line number="432" hits="1" />
            <line number="433" hits="1" />
          </lines>
        </class>
        <class name="HorizonInteractCharacter.cpp" filename="PackagedBuild/Plugins/HorizonInteract/Source/HorizonInteract/Private/HorizonInteractCharacter.cpp" line-rate="0.2824" branch-rate="0.0000" complexity="0" lines-covered="24" lines-valid="85" branches-covered="0" branches-valid="0">
          <methods />
          <lines>
            <line number="15" hits="1" />
            <line number="17" hits="1" />
            <line number="19" hits="1" />
            <line number="20" hits="1" />
            <line number="23" hits="1" />
            <line number="25" hits="1" />
            <line number="29" hits="1" />
            <line number="30" hits="1" />
            <line number="32" hits="1" />
            <line number="34" hits="1" />
            <line number="35" hits="0" />
            <line number="36" hits="0" />
            <line number="37" hits="0" />
            <line number="39" hits="1" />
            <line number="40" hits="0" />
            <line number="41" hits="0" />
            <line number="42" hits="0" />
            <line number="43" hits="1" />
            <line number="44" hits="0" />
            <line number="45" hits="0" />
            <line number="46" hits="0" />
            <line number="47" hits="1" />
            <line number="49" hits="0" />
            <line number="50" hits="0" />
            <line number="51" hits="0" />
            <line number="52" hits="1" />
            <line number="53" hits="0" />
            <line number="54" hits="0" />
            <line number="55" hits="0" />
            <line number="58" hits="1" />
            <line number="59" hits="1" />
            <line number="60" hits="1" />
            <line number="62" hits="0" />
            <line number="63" hits="0" />
            <line number="65" hits="0" />
            <line number="68" hits="1" />
            <line number="72" hits="1" />
            <line number="77" hits="0" />
            <line number="78" hits="0" />
            <line number="79" hits="0" />
            <line number="84" hits="0" />
            <line number="85" hits="0" />
            <line number="86" hits="0" />
            <line number="89" hits="0" />
            <line number="90" hits="0" />
            <line number="91" hits="0" />
            <line number="94" hits="0" />
            <line number="95" hits="0" />
            <line number="96" hits="0" />
            <line number="99" hits="0" />
            <line number="100" hits="0" />
            <line number="101" hits="0" />
            <line number="104" hits="0" />
            <line number="105" hits="0" />
            <line number="106" hits="0" />
            <line number="114" hits="0" />
            <line number="115" hits="0" />
            <line number="116" hits="0" />
            <line number="117" hits="0" />
            <line number="118" hits="0" />
            <line number="121" hits="0" />
            <line number="122" hits="0" />
            <line number="123" hits="0" />
            <line number="125" hits="0" />
            <line number="127" hits="0" />
            <line number="136" hits="0" />
            <line number="137" hits="0" />
            <line number="138" hits="0" />
            <line number="139" hits="0" />
            <line number="140" hits="0" />
            <line number="143" hits="0" />
            <line number="144" hits="0" />
            <line number="145" hits="0" />
            <line number="147" hits="0" />
            <line number="149" hits="0" />
            <line number="156" hits="0" />
            <line number="157" hits="0" />
            <line number="158" hits="0" />
            <line number="159" hits="0" />
            <line number="160" hits="0" />
            <line number="163" hits="1" />
            <line number="164" hits="1" />
            <line number="165" hits="1" />
            <line number="167" hits="1" />
            <line number="169" hits="1" />
          </lines>
        </class>
        <class name="HorizonInteractDelegates.cpp" filename="PackagedBuild/Plugins/HorizonInteract/Source/HorizonInteract/Private/HorizonInteractDelegates.cpp" line-rate="1.0000" branch-rate="0.0000" complexity="0" lines-covered="12" lines-valid="12" branches-covered="0" branches-valid="0">
          <methods />
          <lines>
            <line number="10" hits="1" />
            <line number="11" hits="1" />
            <line number="12" hits="1" />
            <line number="13" hits="1" />
            <line number="14" hits="1" />
            <line number="15" hits="1" />
            <line number="16" hits="1" />
            <line number="17" hits="1" />
            <line number="18" hits="1" />
            <line number="19" hits="1" />
            <line number="20" hits="1" />
            <line number="21" hits="1" />
          </lines>
        </class>
        <class name="HorizonInteractLibrary.cpp" filename="PackagedBuild/Plugins/HorizonInteract/Source/HorizonInteract/Private/HorizonInteractLibrary.cpp" line-rate="0.3846" branch-rate="0.0000" complexity="0" lines-covered="15" lines-valid="39" branches-covered="0" branches-valid="0">
          <methods />
          <lines>
            <line number="14" hits="0" />
            <line number="16" hits="0" />
            <line number="18" hits="0" />
            <line number="19" hits="0" />
            <line number="21" hits="0" />
            <line number="24" hits="0" />
            <line number="29" hits="0" />
            <line number="30" hits="0" />
            <line number="33" hits="1" />
            <line number="35" hits="1" />
            <line number="37" hits="1" />
            <line number="38" hits="1" />
            <line number="45" hits="0" />
            <line number="50" hits="1" />
            <line number="51" hits="1" />
            <line number="55" hits="1" />
            <line number="56" hits="1" />
            <line number="58" hits="1" />
            <line number="61" hits="1" />
            <line number="63" hits="1" />
            <line number="66" hits="1" />
            <line number="68" hits="0" />
            <line number="72" hits="0" />
            <line number="74" hits="1" />
            <line number="78" hits="1" />
            <line number="79" hits="1" />
            <line number="83" hits="0" />
            <line number="84" hits="0" />
            <line number="85" hits="0" />
            <line number="86" hits="0" />
            <line number="89" hits="0" />
            <line number="96" hits="0" />
            <line number="98" hits="0" />
            <line number="99" hits="0" />
            <line number="100" hits="0" />
            <line number="102" hits="0" />
            <line number="104" hits="0" />
            <line number="108" hits="0" />
            <line number="109" hits="0" />
          </lines>
        </class>
        <class name="HorizonInteractModule.cpp" filename="PackagedBuild/Plugins/HorizonInteract/Source/HorizonInteract/Private/HorizonInteractModule.cpp" line-rate="0.6667" branch-rate="0.0000" complexity="0" lines-covered="4" lines-valid="6" branches-covered="0" branches-valid="0">
          <methods />
          <lines>
            <line number="11" hits="1" />
            <line number="13" hits="1" />
            <line number="16" hits="0" />
            <line number="19" hits="0" />
            <line number="24" hits="1" />
            <line number="25" hits="1" />
          </lines>
        </class>
        <class name="HorizonInteractObject.cpp" filename="PackagedBuild/Plugins/HorizonInteract/Source/HorizonInteract/Private/HorizonInteractObject.cpp" line-rate="0.3488" branch-rate="0.0000" complexity="0" lines-covered="30" lines-valid="86" branches-covered="0" branches-valid="0">
          <methods />
          <lines>
            <line number="14" hits="1" />
            <line number="16" hits="1" />
            <line number="17" hits="1" />
            <line number="18" hits="1" />
            <line number="19" hits="1" />
            <line number="22" hits="1" />
            <line number="24" hits="1" />
            <line number="28" hits="1" />
            <line number="29" hits="1" />
            <line number="31" hits="1" />
            <line number="33" hits="1" />
            <line number="34" hits="0" />
            <line number="35" hits="0" />
            <line number="36" hits="0" />
            <line number="38" hits="1" />
            <line number="39" hits="0" />
            <line number="40" hits="0" />
            <line number="41" hits="0" />
            <line number="42" hits="1" />
            <line number="43" hits="0" />
            <line number="44" hits="0" />
            <line number="45" hits="0" />
            <line number="46" hits="1" />
            <line number="48" hits="0" />
            <line number="49" hits="0" />
            <line number="50" hits="0" />
            <line number="51" hits="1" />
            <line number="52" hits="0" />
            <line number="53" hits="0" />
            <line number="54" hits="0" />
            <line number="56" hits="1" />
            <line number="57" hits="1" />
            <line number="58" hits="1" />
            <line number="60" hits="0" />
            <line number="61" hits="0" />
            <line number="63" hits="0" />
            <line number="66" hits="1" />
            <line number="70" hits="1" />
            <line number="75" hits="0" />
            <line number="76" hits="0" />
            <line number="77" hits="0" />
            <line number="82" hits="0" />
            <line number="83" hits="0" />
            <line number="84" hits="0" />
            <line number="87" hits="0" />
            <line number="88" hits="0" />
            <line number="89" hits="0" />
            <line number="92" hits="0" />
            <line number="93" hits="0" />
            <line number="94" hits="0" />
            <line number="97" hits="0" />
            <line number="98" hits="0" />
            <line number="99" hits="0" />
            <line number="103" hits="0" />
            <line number="104" hits="0" />
            <line number="105" hits="0" />
            <line number="111" hits="0" />
            <line number="112" hits="0" />
            <line number="113" hits="0" />
            <line number="114" hits="0" />
            <line number="116" hits="0" />
            <line number="119" hits="1" />
            <line number="120" hits="1" />
            <line number="121" hits="1" />
            <line number="123" hits="1" />
            <line number="125" hits="1" />
            <line number="134" hits="0" />
            <line number="135" hits="0" />
            <line number="136" hits="0" />
            <line number="137" hits="0" />
            <line number="138" hits="0" />
            <line number="141" hits="1" />
            <line number="142" hits="1" />
            <line number="143" hits="1" />
            <line number="145" hits="1" />
            <line number="147" hits="1" />
            <line number="154" hits="0" />
            <line number="155" hits="0" />
            <line number="156" hits="0" />
            <line number="157" hits="0" />
            <line number="158" hits="0" />
            <line number="161" hits="0" />
            <line number="162" hits="0" />
            <line number="163" hits="0" />
            <line number="165" hits="0" />
            <line number="167" hits="0" />
          </lines>
        </class>
        <class name="HorizonInteractObjectSelector.cpp" filename="PackagedBuild/Plugins/HorizonInteract/Source/HorizonInteract/Private/Selector/HorizonInteractObjectSelector.cpp" line-rate="0.1279" branch-rate="0.0000" complexity="0" lines-covered="11" lines-valid="86" branches-covered="0" branches-valid="0">
          <methods />
          <lines>
            <line number="17" hits="0" />
            <line number="20" hits="0" />
            <line number="22" hits="0" />
            <line number="25" hits="0" />
            <line number="26" hits="0" />
            <line number="30" hits="0" />
            <line number="31" hits="0" />
            <line number="32" hits="0" />
            <line number="35" hits="0" />
            <line number="37" hits="0" />
            <line number="38" hits="0" />
            <line number="40" hits="0" />
            <line number="41" hits="0" />
            <line number="42" hits="0" />
            <line number="43" hits="0" />
            <line number="45" hits="0" />
            <line number="48" hits="0" />
            <line number="49" hits="0" />
            <line number="53" hits="0" />
            <line number="54" hits="0" />
            <line number="55" hits="0" />
            <line number="58" hits="0" />
            <line number="60" hits="0" />
            <line number="61" hits="0" />
            <line number="62" hits="0" />
            <line number="64" hits="0" />
            <line number="65" hits="0" />
            <line number="66" hits="0" />
            <line number="67" hits="0" />
            <line number="68" hits="0" />
            <line number="69" hits="0" />
            <line number="70" hits="0" />
            <line number="73" hits="0" />
            <line number="75" hits="0" />
            <line number="79" hits="0" />
            <line number="81" hits="0" />
            <line number="84" hits="0" />
            <line number="85" hits="0" />
            <line number="89" hits="0" />
            <line number="90" hits="0" />
            <line number="91" hits="0" />
            <line number="93" hits="0" />
            <line number="97" hits="0" />
            <line number="99" hits="0" />
            <line number="100" hits="0" />
            <line number="102" hits="0" />
            <line number="104" hits="0" />
            <line number="105" hits="0" />
            <line number="106" hits="0" />
            <line number="107" hits="0" />
            <line number="109" hits="0" />
            <line number="111" hits="0" />
            <line number="113" hits="0" />
            <line number="114" hits="0" />
            <line number="115" hits="0" />
            <line number="116" hits="0" />
            <line number="117" hits="0" />
            <line number="119" hits="0" />
            <line number="125" hits="0" />
            <line number="126" hits="0" />
            <line number="129" hits="1" />
            <line number="130" hits="1" />
            <line number="132" hits="1" />
            <line number="134" hits="1" />
            <line number="135" hits="1" />
            <line number="137" hits="1" />
            <line number="138" hits="1" />
            <line number="139" hits="1" />
            <line number="140" hits="1" />
            <line number="142" hits="0" />
            <line number="143" hits="0" />
            <line number="145" hits="0" />
            <line number="148" hits="0" />
            <line number="151" hits="0" />
            <line number="155" hits="1" />
            <line number="156" hits="1" />
            <line number="161" hits="0" />
            <line number="162" hits="0" />
            <line number="163" hits="0" />
            <line number="164" hits="0" />
            <line number="166" hits="0" />
            <line number="167" hits="0" />
            <line number="168" hits="0" />
            <line number="170" hits="0" />
            <line number="172" hits="0" />
            <line number="173" hits="0" />
          </lines>
        </class>
        <class name="HorizonInteract.spec.cpp" filename="PackagedBuild/Plugins/HorizonInteract/Source/HorizonInteract/Private/Test/HorizonInteract.spec.cpp" line-rate="1.0000" branch-rate="0.0000" complexity="0" lines-covered="11" lines-valid="11" branches-covered="0" branches-valid="0">
          <methods />
          <lines>
            <line number="47" hits="1" />
            <line number="49" hits="1" />
            <line number="52" hits="1" />
            <line number="55" hits="1" />
            <line number="56" hits="1" />
            <line number="57" hits="1" />
            <line number="60" hits="1" />
            <line number="67" hits="1" />
            <line number="74" hits="1" />
            <line number="80" hits="1" />
            <line number="81" hits="1" />
          </lines>
        </class>
        <class name="HorizonInteractObjectComponent.h" filename="PackagedBuild/Plugins/HorizonInteract/Source/HorizonInteract/Public/Component/HorizonInteractObjectComponent.h" line-rate="0.7500" branch-rate="0.0000" complexity="0" lines-covered="6" lines-valid="8" branches-covered="0" branches-valid="0">
          <methods />
          <lines>
            <line number="23" hits="1" />
            <line number="79" hits="0" />
            <line number="81" hits="0" />
            <line number="129" hits="1" />
            <line number="139" hits="1" />
            <line number="143" hits="1" />
            <line number="148" hits="1" />
            <line number="151" hits="1" />
          </lines>
        </class>
        <class name="HorizonInteractorComponent.h" filename="PackagedBuild/Plugins/HorizonInteract/Source/HorizonInteract/Public/Component/HorizonInteractorComponent.h" line-rate="0.8000" branch-rate="0.0000" complexity="0" lines-covered="4" lines-valid="5" branches-covered="0" branches-valid="0">
          <methods />
          <lines>
            <line number="20" hits="1" />
            <line number="119" hits="0" />
            <line number="130" hits="1" />
            <line number="138" hits="1" />
            <line number="168" hits="1" />
          </lines>
        </class>
        <class name="HorizonInteractCharacter.h" filename="PackagedBuild/Plugins/HorizonInteract/Source/HorizonInteract/Public/HorizonInteractCharacter.h" line-rate="0.6667" branch-rate="0.0000" complexity="0" lines-covered="6" lines-valid="9" branches-covered="0" branches-valid="0">
          <methods />
          <lines>
            <line number="26" hits="1" />
            <line number="59" hits="1" />
            <line number="63" hits="1" />
            <line number="74" hits="1" />
            <line number="86" hits="0" />
            <line number="95" hits="1" />
            <line number="107" hits="0" />
            <line number="116" hits="1" />
            <line number="128" hits="0" />
          </lines>
        </class>
        <class name="HorizonInteractLibrary.h" filename="PackagedBuild/Plugins/HorizonInteract/Source/HorizonInteract/Public/HorizonInteractLibrary.h" line-rate="1.0000" branch-rate="0.0000" complexity="0" lines-covered="1" lines-valid="1" branches-covered="0" branches-valid="0">
          <methods />
          <lines>
            <line number="22" hits="1" />
          </lines>
        </class>
        <class name="HorizonInteractObject.h" filename="PackagedBuild/Plugins/HorizonInteract/Source/HorizonInteract/Public/HorizonInteractObject.h" line-rate="0.6667" branch-rate="0.0000" complexity="0" lines-covered="6" lines-valid="9" branches-covered="0" branches-valid="0">
          <methods />
          <lines>
            <line number="24" hits="1" />
            <line number="57" hits="1" />
            <line number="61" hits="1" />
            <line number="69" hits="1" />
            <line number="81" hits="0" />
            <line number="90" hits="1" />
            <line number="102" hits="0" />
            <line number="111" hits="1" />
            <line number="123" hits="0" />
          </lines>
        </class>
        <class name="HorizonInteractObjectSelector.h" filename="PackagedBuild/Plugins/HorizonInteract/Source/HorizonInteract/Public/Selector/HorizonInteractObjectSelector.h" line-rate="1.0000" branch-rate="0.0000" complexity="0" lines-covered="5" lines-valid="5" branches-covered="0" branches-valid="0">
          <methods />
          <lines>
            <line number="22" hits="1" />
            <line number="34" hits="1" />
            <line number="47" hits="1" />
            <line number="59" hits="1" />
            <line number="74" hits="1" />
          </lines>
        </class>
        <class name="HorizonInteractDemo.cpp" filename="PackagedBuild/Source/HorizonInteractDemo/Private/HorizonInteractDemo.cpp" line-rate="1.0000" branch-rate="0.0000" complexity="0" lines-covered="1" lines-valid="1" branches-covered="0" branches-valid="0">
          <methods />
          <lines>
            <line number="6" hits="1" />
          </lines>
        </class>
        <class name="MyFunctionLibrary.h" filename="PackagedBuild/Source/HorizonInteractDemo/Public/MyFunctionLibrary.h" line-rate="1.0000" branch-rate="0.0000" complexity="0" lines-covered="1" lines-valid="1" branches-covered="0" branches-valid="0">
          <methods />
          <lines>
            <line number="15" hits="1" />
          </lines>
        </class>
      </classes></package>
  </packages></coverage>